C:\Users\long\windows_7_x64_pin\source\tools\privacyscope\Debug\cl.command.1.tlog
C:\Users\long\windows_7_x64_pin\source\tools\privacyscope\Debug\CL.read.1.tlog
C:\Users\long\windows_7_x64_pin\source\tools\privacyscope\Debug\CL.write.1.tlog
C:\USERS\LONG\WINDOWS_7_X64_PIN\SOURCE\TOOLS\PRIVACYSCOPE\DEBUG\CODED_STREAM.OBJ
C:\USERS\LONG\WINDOWS_7_X64_PIN\SOURCE\TOOLS\PRIVACYSCOPE\DEBUG\COMMON.OBJ
C:\USERS\LONG\WINDOWS_7_X64_PIN\SOURCE\TOOLS\PRIVACYSCOPE\DEBUG\DESCRIPTOR.OBJ
C:\USERS\LONG\WINDOWS_7_X64_PIN\SOURCE\TOOLS\PRIVACYSCOPE\DEBUG\DESCRIPTOR.PB.OBJ
C:\USERS\LONG\WINDOWS_7_X64_PIN\SOURCE\TOOLS\PRIVACYSCOPE\DEBUG\DESCRIPTOR_DATABASE.OBJ
C:\USERS\LONG\WINDOWS_7_X64_PIN\SOURCE\TOOLS\PRIVACYSCOPE\DEBUG\DYNAMIC_MESSAGE.OBJ
C:\USERS\LONG\WINDOWS_7_X64_PIN\SOURCE\TOOLS\PRIVACYSCOPE\DEBUG\EXP.OBJ
C:\USERS\LONG\WINDOWS_7_X64_PIN\SOURCE\TOOLS\PRIVACYSCOPE\DEBUG\EXP_C.OBJ
C:\USERS\LONG\WINDOWS_7_X64_PIN\SOURCE\TOOLS\PRIVACYSCOPE\DEBUG\EXTENSION_SET.OBJ
C:\USERS\LONG\WINDOWS_7_X64_PIN\SOURCE\TOOLS\PRIVACYSCOPE\DEBUG\EXTENSION_SET_HEAVY.OBJ
C:\USERS\LONG\WINDOWS_7_X64_PIN\SOURCE\TOOLS\PRIVACYSCOPE\DEBUG\FRAME.PIQI.PB.OBJ
C:\USERS\LONG\WINDOWS_7_X64_PIN\SOURCE\TOOLS\PRIVACYSCOPE\DEBUG\GENERATED_MESSAGE_REFLECTION.OBJ
C:\USERS\LONG\WINDOWS_7_X64_PIN\SOURCE\TOOLS\PRIVACYSCOPE\DEBUG\GENERATED_MESSAGE_UTIL.OBJ
C:\USERS\LONG\WINDOWS_7_X64_PIN\SOURCE\TOOLS\PRIVACYSCOPE\DEBUG\GENTRACE.OBJ
C:\USERS\LONG\WINDOWS_7_X64_PIN\SOURCE\TOOLS\PRIVACYSCOPE\DEBUG\GZIP_STREAM.OBJ
C:\USERS\LONG\WINDOWS_7_X64_PIN\SOURCE\TOOLS\PRIVACYSCOPE\DEBUG\LIBDASM.OBJ
C:\Users\long\windows_7_x64_pin\source\tools\privacyscope\Debug\link.command.1.tlog
C:\Users\long\windows_7_x64_pin\source\tools\privacyscope\Debug\link.read.1.tlog
C:\Users\long\windows_7_x64_pin\source\tools\privacyscope\Debug\link.write.1.tlog
C:\USERS\LONG\WINDOWS_7_X64_PIN\SOURCE\TOOLS\PRIVACYSCOPE\DEBUG\MESSAGE.OBJ
C:\USERS\LONG\WINDOWS_7_X64_PIN\SOURCE\TOOLS\PRIVACYSCOPE\DEBUG\MESSAGE_LITE.OBJ
C:\USERS\LONG\WINDOWS_7_X64_PIN\SOURCE\TOOLS\PRIVACYSCOPE\DEBUG\ONCE.OBJ
C:\USERS\LONG\WINDOWS_7_X64_PIN\SOURCE\TOOLS\PRIVACYSCOPE\DEBUG\PIN_FRAME.OBJ
C:\USERS\LONG\WINDOWS_7_X64_PIN\SOURCE\TOOLS\PRIVACYSCOPE\DEBUG\PIN_MISC.OBJ
C:\USERS\LONG\WINDOWS_7_X64_PIN\SOURCE\TOOLS\PRIVACYSCOPE\DEBUG\PIN_TAINT.OBJ
C:\USERS\LONG\WINDOWS_7_X64_PIN\SOURCE\TOOLS\PRIVACYSCOPE\DEBUG\PIN_TRACE.OBJ
C:\USERS\LONG\WINDOWS_7_X64_PIN\SOURCE\TOOLS\PRIVACYSCOPE\DEBUG\PIVOT.OBJ
C:\USERS\LONG\WINDOWS_7_X64_PIN\SOURCE\TOOLS\PRIVACYSCOPE\DEBUG\PRINTER.OBJ
C:\USERS\LONG\WINDOWS_7_X64_PIN\SOURCE\TOOLS\PRIVACYSCOPE\DEBUG\PRIVACYSCOPE.DLL
C:\Users\long\windows_7_x64_pin\source\tools\privacyscope\Debug\PrivacyScope.exp
C:\Users\long\windows_7_x64_pin\source\tools\privacyscope\Debug\PrivacyScope.lib
C:\USERS\LONG\WINDOWS_7_X64_PIN\SOURCE\TOOLS\PRIVACYSCOPE\DEBUG\PRIVACYSCOPE.PDB
C:\Users\long\windows_7_x64_pin\source\tools\privacyscope\Debug\PrivacyScope.write.1.tlog
C:\USERS\LONG\WINDOWS_7_X64_PIN\SOURCE\TOOLS\PRIVACYSCOPE\DEBUG\REFLECTION_OPS.OBJ
C:\USERS\LONG\WINDOWS_7_X64_PIN\SOURCE\TOOLS\PRIVACYSCOPE\DEBUG\REG_MAPPING.OBJ
C:\USERS\LONG\WINDOWS_7_X64_PIN\SOURCE\TOOLS\PRIVACYSCOPE\DEBUG\REG_MAPPING_PIN.OBJ
C:\USERS\LONG\WINDOWS_7_X64_PIN\SOURCE\TOOLS\PRIVACYSCOPE\DEBUG\REPEATED_FIELD.OBJ
C:\USERS\LONG\WINDOWS_7_X64_PIN\SOURCE\TOOLS\PRIVACYSCOPE\DEBUG\SERVICE.OBJ
C:\USERS\LONG\WINDOWS_7_X64_PIN\SOURCE\TOOLS\PRIVACYSCOPE\DEBUG\STMT.OBJ
C:\USERS\LONG\WINDOWS_7_X64_PIN\SOURCE\TOOLS\PRIVACYSCOPE\DEBUG\STMT_C.OBJ
C:\USERS\LONG\WINDOWS_7_X64_PIN\SOURCE\TOOLS\PRIVACYSCOPE\DEBUG\STRUCTURALLY_VALID.OBJ
C:\USERS\LONG\WINDOWS_7_X64_PIN\SOURCE\TOOLS\PRIVACYSCOPE\DEBUG\STRUTIL.OBJ
C:\USERS\LONG\WINDOWS_7_X64_PIN\SOURCE\TOOLS\PRIVACYSCOPE\DEBUG\SUBSTITUTE.OBJ
C:\USERS\LONG\WINDOWS_7_X64_PIN\SOURCE\TOOLS\PRIVACYSCOPE\DEBUG\TEXT_FORMAT.OBJ
C:\USERS\LONG\WINDOWS_7_X64_PIN\SOURCE\TOOLS\PRIVACYSCOPE\DEBUG\TOKENIZER.OBJ
C:\USERS\LONG\WINDOWS_7_X64_PIN\SOURCE\TOOLS\PRIVACYSCOPE\DEBUG\TRACE.CONTAINER.OBJ
C:\USERS\LONG\WINDOWS_7_X64_PIN\SOURCE\TOOLS\PRIVACYSCOPE\DEBUG\UNKNOWN_FIELD_SET.OBJ
C:\USERS\LONG\WINDOWS_7_X64_PIN\SOURCE\TOOLS\PRIVACYSCOPE\DEBUG\VC100.PDB
C:\USERS\LONG\WINDOWS_7_X64_PIN\SOURCE\TOOLS\PRIVACYSCOPE\DEBUG\WINSYSCALLS.OBJ
C:\USERS\LONG\WINDOWS_7_X64_PIN\SOURCE\TOOLS\PRIVACYSCOPE\DEBUG\WIRE_FORMAT.OBJ
C:\USERS\LONG\WINDOWS_7_X64_PIN\SOURCE\TOOLS\PRIVACYSCOPE\DEBUG\WIRE_FORMAT_LITE.OBJ
C:\USERS\LONG\WINDOWS_7_X64_PIN\SOURCE\TOOLS\PRIVACYSCOPE\DEBUG\ZERO_COPY_STREAM.OBJ
C:\USERS\LONG\WINDOWS_7_X64_PIN\SOURCE\TOOLS\PRIVACYSCOPE\DEBUG\ZERO_COPY_STREAM_IMPL.OBJ
C:\USERS\LONG\WINDOWS_7_X64_PIN\SOURCE\TOOLS\PRIVACYSCOPE\DEBUG\ZERO_COPY_STREAM_IMPL_LITE.OBJ
