D:\PIN-2.12-58423-MSVC10-WINDOWS\SOURCE\TOOLS\PRIVACYSCOPE\RELEASE\CODED_STREAM.OBJ
D:\PIN-2.12-58423-MSVC10-WINDOWS\SOURCE\TOOLS\PRIVACYSCOPE\RELEASE\COMMON.OBJ
D:\PIN-2.12-58423-MSVC10-WINDOWS\SOURCE\TOOLS\PRIVACYSCOPE\RELEASE\DESCRIPTOR.OBJ
D:\PIN-2.12-58423-MSVC10-WINDOWS\SOURCE\TOOLS\PRIVACYSCOPE\RELEASE\DESCRIPTOR.PB.OBJ
D:\PIN-2.12-58423-MSVC10-WINDOWS\SOURCE\TOOLS\PRIVACYSCOPE\RELEASE\DESCRIPTOR_DATABASE.OBJ
D:\PIN-2.12-58423-MSVC10-WINDOWS\SOURCE\TOOLS\PRIVACYSCOPE\RELEASE\DYNAMIC_MESSAGE.OBJ
D:\PIN-2.12-58423-MSVC10-WINDOWS\SOURCE\TOOLS\PRIVACYSCOPE\RELEASE\EXP.OBJ
D:\PIN-2.12-58423-MSVC10-WINDOWS\SOURCE\TOOLS\PRIVACYSCOPE\RELEASE\EXP_C.OBJ
D:\PIN-2.12-58423-MSVC10-WINDOWS\SOURCE\TOOLS\PRIVACYSCOPE\RELEASE\EXTENSION_SET.OBJ
D:\PIN-2.12-58423-MSVC10-WINDOWS\SOURCE\TOOLS\PRIVACYSCOPE\RELEASE\EXTENSION_SET_HEAVY.OBJ
D:\PIN-2.12-58423-MSVC10-WINDOWS\SOURCE\TOOLS\PRIVACYSCOPE\RELEASE\FRAME.PIQI.PB.OBJ
D:\PIN-2.12-58423-MSVC10-WINDOWS\SOURCE\TOOLS\PRIVACYSCOPE\RELEASE\GENERATED_MESSAGE_REFLECTION.OBJ
D:\PIN-2.12-58423-MSVC10-WINDOWS\SOURCE\TOOLS\PRIVACYSCOPE\RELEASE\GENERATED_MESSAGE_UTIL.OBJ
D:\PIN-2.12-58423-MSVC10-WINDOWS\SOURCE\TOOLS\PRIVACYSCOPE\RELEASE\GENTRACE.OBJ
D:\PIN-2.12-58423-MSVC10-WINDOWS\SOURCE\TOOLS\PRIVACYSCOPE\RELEASE\GZIP_STREAM.OBJ
D:\PIN-2.12-58423-MSVC10-WINDOWS\SOURCE\TOOLS\PRIVACYSCOPE\RELEASE\LIBDASM.OBJ
D:\PIN-2.12-58423-MSVC10-WINDOWS\SOURCE\TOOLS\PRIVACYSCOPE\RELEASE\MESSAGE.OBJ
D:\PIN-2.12-58423-MSVC10-WINDOWS\SOURCE\TOOLS\PRIVACYSCOPE\RELEASE\MESSAGE_LITE.OBJ
D:\PIN-2.12-58423-MSVC10-WINDOWS\SOURCE\TOOLS\PRIVACYSCOPE\RELEASE\ONCE.OBJ
D:\PIN-2.12-58423-MSVC10-WINDOWS\SOURCE\TOOLS\PRIVACYSCOPE\RELEASE\PIN_FRAME.OBJ
D:\PIN-2.12-58423-MSVC10-WINDOWS\SOURCE\TOOLS\PRIVACYSCOPE\RELEASE\PIN_MISC.OBJ
D:\PIN-2.12-58423-MSVC10-WINDOWS\SOURCE\TOOLS\PRIVACYSCOPE\RELEASE\PIN_TAINT.OBJ
D:\PIN-2.12-58423-MSVC10-WINDOWS\SOURCE\TOOLS\PRIVACYSCOPE\RELEASE\PIN_TRACE.OBJ
D:\PIN-2.12-58423-MSVC10-WINDOWS\SOURCE\TOOLS\PRIVACYSCOPE\RELEASE\PIVOT.OBJ
D:\PIN-2.12-58423-MSVC10-WINDOWS\SOURCE\TOOLS\PRIVACYSCOPE\RELEASE\PRINTER.OBJ
D:\PIN-2.12-58423-MSVC10-WINDOWS\SOURCE\TOOLS\PRIVACYSCOPE\RELEASE\PRIVACYSCOPE.DLL
D:\pin-2.12-58423-msvc10-windows\source\tools\privacyscope\Release\PrivacyScope.exp
D:\pin-2.12-58423-msvc10-windows\source\tools\privacyscope\Release\PrivacyScope.lib
D:\PIN-2.12-58423-MSVC10-WINDOWS\SOURCE\TOOLS\PRIVACYSCOPE\RELEASE\PRIVACYSCOPE.PDB
D:\PIN-2.12-58423-MSVC10-WINDOWS\SOURCE\TOOLS\PRIVACYSCOPE\RELEASE\REFLECTION_OPS.OBJ
D:\PIN-2.12-58423-MSVC10-WINDOWS\SOURCE\TOOLS\PRIVACYSCOPE\RELEASE\REG_MAPPING.OBJ
D:\PIN-2.12-58423-MSVC10-WINDOWS\SOURCE\TOOLS\PRIVACYSCOPE\RELEASE\REG_MAPPING_PIN.OBJ
D:\PIN-2.12-58423-MSVC10-WINDOWS\SOURCE\TOOLS\PRIVACYSCOPE\RELEASE\REPEATED_FIELD.OBJ
D:\PIN-2.12-58423-MSVC10-WINDOWS\SOURCE\TOOLS\PRIVACYSCOPE\RELEASE\SERVICE.OBJ
D:\PIN-2.12-58423-MSVC10-WINDOWS\SOURCE\TOOLS\PRIVACYSCOPE\RELEASE\STMT.OBJ
D:\PIN-2.12-58423-MSVC10-WINDOWS\SOURCE\TOOLS\PRIVACYSCOPE\RELEASE\STMT_C.OBJ
D:\PIN-2.12-58423-MSVC10-WINDOWS\SOURCE\TOOLS\PRIVACYSCOPE\RELEASE\STRUCTURALLY_VALID.OBJ
D:\PIN-2.12-58423-MSVC10-WINDOWS\SOURCE\TOOLS\PRIVACYSCOPE\RELEASE\STRUTIL.OBJ
D:\PIN-2.12-58423-MSVC10-WINDOWS\SOURCE\TOOLS\PRIVACYSCOPE\RELEASE\SUBSTITUTE.OBJ
D:\PIN-2.12-58423-MSVC10-WINDOWS\SOURCE\TOOLS\PRIVACYSCOPE\RELEASE\TEXT_FORMAT.OBJ
D:\PIN-2.12-58423-MSVC10-WINDOWS\SOURCE\TOOLS\PRIVACYSCOPE\RELEASE\TOKENIZER.OBJ
D:\PIN-2.12-58423-MSVC10-WINDOWS\SOURCE\TOOLS\PRIVACYSCOPE\RELEASE\TRACE.CONTAINER.OBJ
D:\PIN-2.12-58423-MSVC10-WINDOWS\SOURCE\TOOLS\PRIVACYSCOPE\RELEASE\UNKNOWN_FIELD_SET.OBJ
D:\PIN-2.12-58423-MSVC10-WINDOWS\SOURCE\TOOLS\PRIVACYSCOPE\RELEASE\WINSYSCALLS.OBJ
D:\PIN-2.12-58423-MSVC10-WINDOWS\SOURCE\TOOLS\PRIVACYSCOPE\RELEASE\WIRE_FORMAT.OBJ
D:\PIN-2.12-58423-MSVC10-WINDOWS\SOURCE\TOOLS\PRIVACYSCOPE\RELEASE\WIRE_FORMAT_LITE.OBJ
D:\PIN-2.12-58423-MSVC10-WINDOWS\SOURCE\TOOLS\PRIVACYSCOPE\RELEASE\ZERO_COPY_STREAM.OBJ
D:\PIN-2.12-58423-MSVC10-WINDOWS\SOURCE\TOOLS\PRIVACYSCOPE\RELEASE\ZERO_COPY_STREAM_IMPL.OBJ
D:\PIN-2.12-58423-MSVC10-WINDOWS\SOURCE\TOOLS\PRIVACYSCOPE\RELEASE\ZERO_COPY_STREAM_IMPL_LITE.OBJ
E:\source\7.pin-2.12-58423-msvc10-windows\source\tools\privacyscope\Release\cl.command.1.tlog
E:\source\7.pin-2.12-58423-msvc10-windows\source\tools\privacyscope\Release\CL.read.1.tlog
E:\source\7.pin-2.12-58423-msvc10-windows\source\tools\privacyscope\Release\CL.write.1.tlog
E:\SOURCE\7.PIN-2.12-58423-MSVC10-WINDOWS\SOURCE\TOOLS\PRIVACYSCOPE\RELEASE\CODED_STREAM.OBJ
E:\SOURCE\7.PIN-2.12-58423-MSVC10-WINDOWS\SOURCE\TOOLS\PRIVACYSCOPE\RELEASE\COMMON.OBJ
E:\SOURCE\7.PIN-2.12-58423-MSVC10-WINDOWS\SOURCE\TOOLS\PRIVACYSCOPE\RELEASE\DESCRIPTOR.OBJ
E:\SOURCE\7.PIN-2.12-58423-MSVC10-WINDOWS\SOURCE\TOOLS\PRIVACYSCOPE\RELEASE\DESCRIPTOR.PB.OBJ
E:\SOURCE\7.PIN-2.12-58423-MSVC10-WINDOWS\SOURCE\TOOLS\PRIVACYSCOPE\RELEASE\DESCRIPTOR_DATABASE.OBJ
E:\SOURCE\7.PIN-2.12-58423-MSVC10-WINDOWS\SOURCE\TOOLS\PRIVACYSCOPE\RELEASE\DYNAMIC_MESSAGE.OBJ
E:\SOURCE\7.PIN-2.12-58423-MSVC10-WINDOWS\SOURCE\TOOLS\PRIVACYSCOPE\RELEASE\EXP.OBJ
E:\SOURCE\7.PIN-2.12-58423-MSVC10-WINDOWS\SOURCE\TOOLS\PRIVACYSCOPE\RELEASE\EXP_C.OBJ
E:\SOURCE\7.PIN-2.12-58423-MSVC10-WINDOWS\SOURCE\TOOLS\PRIVACYSCOPE\RELEASE\EXTENSION_SET.OBJ
E:\SOURCE\7.PIN-2.12-58423-MSVC10-WINDOWS\SOURCE\TOOLS\PRIVACYSCOPE\RELEASE\EXTENSION_SET_HEAVY.OBJ
E:\SOURCE\7.PIN-2.12-58423-MSVC10-WINDOWS\SOURCE\TOOLS\PRIVACYSCOPE\RELEASE\FRAME.PIQI.PB.OBJ
E:\SOURCE\7.PIN-2.12-58423-MSVC10-WINDOWS\SOURCE\TOOLS\PRIVACYSCOPE\RELEASE\GENERATED_MESSAGE_REFLECTION.OBJ
E:\SOURCE\7.PIN-2.12-58423-MSVC10-WINDOWS\SOURCE\TOOLS\PRIVACYSCOPE\RELEASE\GENERATED_MESSAGE_UTIL.OBJ
E:\SOURCE\7.PIN-2.12-58423-MSVC10-WINDOWS\SOURCE\TOOLS\PRIVACYSCOPE\RELEASE\GENTRACE.OBJ
E:\SOURCE\7.PIN-2.12-58423-MSVC10-WINDOWS\SOURCE\TOOLS\PRIVACYSCOPE\RELEASE\GZIP_STREAM.OBJ
E:\SOURCE\7.PIN-2.12-58423-MSVC10-WINDOWS\SOURCE\TOOLS\PRIVACYSCOPE\RELEASE\LIBDASM.OBJ
E:\source\7.pin-2.12-58423-msvc10-windows\source\tools\privacyscope\Release\link.command.1.tlog
E:\source\7.pin-2.12-58423-msvc10-windows\source\tools\privacyscope\Release\link.read.1.tlog
E:\source\7.pin-2.12-58423-msvc10-windows\source\tools\privacyscope\Release\link.write.1.tlog
E:\SOURCE\7.PIN-2.12-58423-MSVC10-WINDOWS\SOURCE\TOOLS\PRIVACYSCOPE\RELEASE\MESSAGE.OBJ
E:\SOURCE\7.PIN-2.12-58423-MSVC10-WINDOWS\SOURCE\TOOLS\PRIVACYSCOPE\RELEASE\MESSAGE_LITE.OBJ
E:\SOURCE\7.PIN-2.12-58423-MSVC10-WINDOWS\SOURCE\TOOLS\PRIVACYSCOPE\RELEASE\ONCE.OBJ
E:\SOURCE\7.PIN-2.12-58423-MSVC10-WINDOWS\SOURCE\TOOLS\PRIVACYSCOPE\RELEASE\PIN_FRAME.OBJ
E:\SOURCE\7.PIN-2.12-58423-MSVC10-WINDOWS\SOURCE\TOOLS\PRIVACYSCOPE\RELEASE\PIN_MISC.OBJ
E:\SOURCE\7.PIN-2.12-58423-MSVC10-WINDOWS\SOURCE\TOOLS\PRIVACYSCOPE\RELEASE\PIN_TAINT.OBJ
E:\SOURCE\7.PIN-2.12-58423-MSVC10-WINDOWS\SOURCE\TOOLS\PRIVACYSCOPE\RELEASE\PIN_TRACE.OBJ
E:\SOURCE\7.PIN-2.12-58423-MSVC10-WINDOWS\SOURCE\TOOLS\PRIVACYSCOPE\RELEASE\PIVOT.OBJ
E:\SOURCE\7.PIN-2.12-58423-MSVC10-WINDOWS\SOURCE\TOOLS\PRIVACYSCOPE\RELEASE\PRINTER.OBJ
E:\SOURCE\7.PIN-2.12-58423-MSVC10-WINDOWS\SOURCE\TOOLS\PRIVACYSCOPE\RELEASE\PRIVACYSCOPE.DLL
E:\source\7.pin-2.12-58423-msvc10-windows\source\tools\privacyscope\Release\PrivacyScope.exp
E:\source\7.pin-2.12-58423-msvc10-windows\source\tools\privacyscope\Release\PrivacyScope.lib
E:\SOURCE\7.PIN-2.12-58423-MSVC10-WINDOWS\SOURCE\TOOLS\PRIVACYSCOPE\RELEASE\PRIVACYSCOPE.PDB
E:\source\7.pin-2.12-58423-msvc10-windows\source\tools\privacyscope\Release\PrivacyScope.vcxprojResolveAssemblyReference.cache
E:\source\7.pin-2.12-58423-msvc10-windows\source\tools\privacyscope\Release\PrivacyScope.write.1.tlog
E:\SOURCE\7.PIN-2.12-58423-MSVC10-WINDOWS\SOURCE\TOOLS\PRIVACYSCOPE\RELEASE\REFLECTION_OPS.OBJ
E:\SOURCE\7.PIN-2.12-58423-MSVC10-WINDOWS\SOURCE\TOOLS\PRIVACYSCOPE\RELEASE\REG_MAPPING.OBJ
E:\SOURCE\7.PIN-2.12-58423-MSVC10-WINDOWS\SOURCE\TOOLS\PRIVACYSCOPE\RELEASE\REG_MAPPING_PIN.OBJ
E:\SOURCE\7.PIN-2.12-58423-MSVC10-WINDOWS\SOURCE\TOOLS\PRIVACYSCOPE\RELEASE\REPEATED_FIELD.OBJ
E:\SOURCE\7.PIN-2.12-58423-MSVC10-WINDOWS\SOURCE\TOOLS\PRIVACYSCOPE\RELEASE\SERVICE.OBJ
E:\SOURCE\7.PIN-2.12-58423-MSVC10-WINDOWS\SOURCE\TOOLS\PRIVACYSCOPE\RELEASE\STMT.OBJ
E:\SOURCE\7.PIN-2.12-58423-MSVC10-WINDOWS\SOURCE\TOOLS\PRIVACYSCOPE\RELEASE\STMT_C.OBJ
E:\SOURCE\7.PIN-2.12-58423-MSVC10-WINDOWS\SOURCE\TOOLS\PRIVACYSCOPE\RELEASE\STRUCTURALLY_VALID.OBJ
E:\SOURCE\7.PIN-2.12-58423-MSVC10-WINDOWS\SOURCE\TOOLS\PRIVACYSCOPE\RELEASE\STRUTIL.OBJ
E:\SOURCE\7.PIN-2.12-58423-MSVC10-WINDOWS\SOURCE\TOOLS\PRIVACYSCOPE\RELEASE\SUBSTITUTE.OBJ
E:\SOURCE\7.PIN-2.12-58423-MSVC10-WINDOWS\SOURCE\TOOLS\PRIVACYSCOPE\RELEASE\TEXT_FORMAT.OBJ
E:\SOURCE\7.PIN-2.12-58423-MSVC10-WINDOWS\SOURCE\TOOLS\PRIVACYSCOPE\RELEASE\TOKENIZER.OBJ
E:\SOURCE\7.PIN-2.12-58423-MSVC10-WINDOWS\SOURCE\TOOLS\PRIVACYSCOPE\RELEASE\TRACE.CONTAINER.OBJ
E:\SOURCE\7.PIN-2.12-58423-MSVC10-WINDOWS\SOURCE\TOOLS\PRIVACYSCOPE\RELEASE\UNKNOWN_FIELD_SET.OBJ
E:\SOURCE\7.PIN-2.12-58423-MSVC10-WINDOWS\SOURCE\TOOLS\PRIVACYSCOPE\RELEASE\WINSYSCALLS.OBJ
E:\SOURCE\7.PIN-2.12-58423-MSVC10-WINDOWS\SOURCE\TOOLS\PRIVACYSCOPE\RELEASE\WIRE_FORMAT.OBJ
E:\SOURCE\7.PIN-2.12-58423-MSVC10-WINDOWS\SOURCE\TOOLS\PRIVACYSCOPE\RELEASE\WIRE_FORMAT_LITE.OBJ
E:\SOURCE\7.PIN-2.12-58423-MSVC10-WINDOWS\SOURCE\TOOLS\PRIVACYSCOPE\RELEASE\ZERO_COPY_STREAM.OBJ
E:\SOURCE\7.PIN-2.12-58423-MSVC10-WINDOWS\SOURCE\TOOLS\PRIVACYSCOPE\RELEASE\ZERO_COPY_STREAM_IMPL.OBJ
E:\SOURCE\7.PIN-2.12-58423-MSVC10-WINDOWS\SOURCE\TOOLS\PRIVACYSCOPE\RELEASE\ZERO_COPY_STREAM_IMPL_LITE.OBJ
